2016-06-20 00:20:09.409 [http-nio-8080-exec-8] WARN  cn.tendata.crm.controllers.LoginController - 罗敏登录了
2016-06-20 00:20:13.207 [http-nio-8080-exec-5] WARN  cn.tendata.crm.controllers.LoginController - 罗敏查看了所有部门的信息
2016-06-20 00:21:16.911 [http-nio-8080-exec-6] WARN  cn.tendata.crm.controllers.LoginController - 罗敏登录了
2016-06-20 00:21:18.691 [http-nio-8080-exec-1] WARN  cn.tendata.crm.controllers.LoginController - 罗敏查看了所有部门的信息
2016-06-20 00:23:03.706 [http-nio-8080-exec-7] WARN  cn.tendata.crm.controllers.LoginController - 罗敏登录了
2016-06-20 00:23:04.897 [http-nio-8080-exec-3] WARN  cn.tendata.crm.controllers.LoginController - 罗敏查看了所有部门的信息
2016-06-20 00:24:49.555 [http-nio-8080-exec-6] WARN  cn.tendata.crm.controllers.LoginController - 罗敏登录了
2016-06-20 00:24:51.349 [http-nio-8080-exec-5] WARN  cn.tendata.crm.controllers.LoginController - 罗敏查看了所有部门的信息
2016-06-20 00:25:37.805 [http-nio-8080-exec-1] WARN  cn.tendata.crm.controllers.LoginController - 罗敏登录了
2016-06-20 00:25:39.383 [http-nio-8080-exec-9] WARN  cn.tendata.crm.controllers.LoginController - 罗敏查看了所有部门的信息
2016-06-20 00:26:10.877 [http-nio-8080-exec-9] WARN  cn.tendata.crm.controllers.LoginController - 罗敏查询了所有客户信息
2016-06-20 00:26:27.373 [http-nio-8080-exec-8] WARN  cn.tendata.crm.controllers.LoginController - 罗敏查询了所有客户信息
2016-06-20 00:26:33.387 [http-nio-8080-exec-10] WARN  cn.tendata.crm.controllers.LoginController - 罗敏查询了所有商品信息
2016-06-20 00:26:49.769 [http-nio-8080-exec-2] WARN  cn.tendata.crm.controllers.LoginController - 罗敏查询了所有订单信息
2016-06-20 00:26:53.761 [http-nio-8080-exec-4] WARN  cn.tendata.crm.controllers.LoginController - 罗敏查询了所有订单信息
2016-06-20 08:50:38.407 [http-nio-8080-exec-4] WARN  cn.tendata.crm.controllers.LoginController - 罗敏登录了
2016-06-20 08:50:57.698 [http-nio-8080-exec-5] WARN  cn.tendata.crm.controllers.LoginController - 罗敏查询了所有订单信息
2016-06-20 08:51:02.863 [http-nio-8080-exec-9] WARN  cn.tendata.crm.controllers.LoginController - 罗敏查询了所有商品信息
2016-06-20 08:51:05.149 [http-nio-8080-exec-10] WARN  cn.tendata.crm.controllers.LoginController - 罗敏查询了所有客户信息
2016-06-20 08:51:16.494 [http-nio-8080-exec-1] WARN  cn.tendata.crm.controllers.LoginController - 罗敏查看了所有部门的信息
2016-06-20 08:52:04.928 [http-nio-8080-exec-2] WARN  cn.tendata.crm.controllers.LoginController - 罗敏登录了
2016-06-20 09:14:40.718 [http-nio-8080-exec-9] WARN  cn.tendata.crm.controllers.LoginController - 罗敏登录了
2016-06-20 09:14:43.490 [http-nio-8080-exec-6] WARN  cn.tendata.crm.controllers.LoginController - 罗敏查看了所有部门的信息
2016-06-20 09:15:05.633 [http-nio-8080-exec-10] WARN  cn.tendata.crm.controllers.LoginController - 罗敏增加了用户李彦宏
2016-06-20 09:15:05.863 [http-nio-8080-exec-10] ERROR o.a.c.c.C.[.[localhost].[/].[dispatcherServlet] - Servlet.service() for servlet [dispatcherServlet] in context with path [] threw exception [Request processing failed; nested exception is org.springframework.dao.InvalidDataAccessApiUsageException: Executing an update/delete query; nested exception is javax.persistence.TransactionRequiredException: Executing an update/delete query] with root cause
javax.persistence.TransactionRequiredException: Executing an update/delete query
	at org.hibernate.jpa.spi.AbstractQueryImpl.executeUpdate(AbstractQueryImpl.java:71)
	at org.springframework.data.jpa.repository.query.JpaQueryExecution$ModifyingExecution.doExecute(JpaQueryExecution.java:238)
	at org.springframework.data.jpa.repository.query.JpaQueryExecution.execute(JpaQueryExecution.java:78)
	at org.springframework.data.jpa.repository.query.AbstractJpaQuery.doExecute(AbstractJpaQuery.java:100)
	at org.springframework.data.jpa.repository.query.AbstractJpaQuery.execute(AbstractJpaQuery.java:91)
	at org.springframework.data.repository.core.support.RepositoryFactorySupport$QueryExecutorMethodInterceptor.doInvoke(RepositoryFactorySupport.java:462)
	at org.springframework.data.repository.core.support.RepositoryFactorySupport$QueryExecutorMethodInterceptor.invoke(RepositoryFactorySupport.java:440)
	at org.springframework.aop.framework.ReflectiveMethodInvocation.proceed(ReflectiveMethodInvocation.java:179)
	at org.springframework.data.projection.DefaultMethodInvokingMethodInterceptor.invoke(DefaultMethodInvokingMethodInterceptor.java:61)
	at org.springframework.aop.framework.ReflectiveMethodInvocation.proceed(ReflectiveMethodInvocation.java:179)
	at org.springframework.transaction.interceptor.TransactionInterceptor$1.proceedWithInvocation(TransactionInterceptor.java:99)
	at org.springframework.transaction.interceptor.TransactionAspectSupport.invokeWithinTransaction(TransactionAspectSupport.java:281)
	at org.springframework.transaction.interceptor.TransactionInterceptor.invoke(TransactionInterceptor.java:96)
	at org.springframework.aop.framework.ReflectiveMethodInvocation.proceed(ReflectiveMethodInvocation.java:179)
	at org.springframework.dao.support.PersistenceExceptionTranslationInterceptor.invoke(PersistenceExceptionTranslationInterceptor.java:136)
	at org.springframework.aop.framework.ReflectiveMethodInvocation.proceed(ReflectiveMethodInvocation.java:179)
	at org.springframework.data.jpa.repository.support.CrudMethodMetadataPostProcessor$CrudMethodMetadataPopulatingMethodInterceptor.invoke(CrudMethodMetadataPostProcessor.java:131)
	at org.springframework.aop.framework.ReflectiveMethodInvocation.proceed(ReflectiveMethodInvocation.java:179)
	at org.springframework.aop.interceptor.ExposeInvocationInterceptor.invoke(ExposeInvocationInterceptor.java:92)
	at org.springframework.aop.framework.ReflectiveMethodInvocation.proceed(ReflectiveMethodInvocation.java:179)
	at org.springframework.aop.framework.JdkDynamicAopProxy.invoke(JdkDynamicAopProxy.java:208)
	at com.sun.proxy.$Proxy79.addUserNumOfDp(Unknown Source)
	at cn.tendata.crm.service.UserServiceImpl.addUserNumOfDp(UserServiceImpl.java:48)
	at cn.tendata.crm.controllers.UserController.addUser(UserController.java:91)
	at sun.reflect.NativeMethodAccessorImpl.invoke0(Native Method)
	at sun.reflect.NativeMethodAccessorImpl.invoke(NativeMethodAccessorImpl.java:62)
	at sun.reflect.DelegatingMethodAccessorImpl.invoke(DelegatingMethodAccessorImpl.java:43)
	at java.lang.reflect.Method.invoke(Method.java:497)
	at org.springframework.web.method.support.InvocableHandlerMethod.doInvoke(InvocableHandlerMethod.java:221)
	at org.springframework.web.method.support.InvocableHandlerMethod.invokeForRequest(InvocableHandlerMethod.java:136)
	at org.springframework.web.servlet.mvc.method.annotation.ServletInvocableHandlerMethod.invokeAndHandle(ServletInvocableHandlerMethod.java:110)
	at org.springframework.web.servlet.mvc.method.annotation.RequestMappingHandlerAdapter.invokeHandlerMethod(RequestMappingHandlerAdapter.java:832)
	at org.springframework.web.servlet.mvc.method.annotation.RequestMappingHandlerAdapter.handleInternal(RequestMappingHandlerAdapter.java:743)
	at org.springframework.web.servlet.mvc.method.AbstractHandlerMethodAdapter.handle(AbstractHandlerMethodAdapter.java:85)
	at org.springframework.web.servlet.DispatcherServlet.doDispatch(DispatcherServlet.java:961)
	at org.springframework.web.servlet.DispatcherServlet.doService(DispatcherServlet.java:895)
	at org.springframework.web.servlet.FrameworkServlet.processRequest(FrameworkServlet.java:967)
	at org.springframework.web.servlet.FrameworkServlet.doPost(FrameworkServlet.java:869)
	at javax.servlet.http.HttpServlet.service(HttpServlet.java:707)
	at org.springframework.web.servlet.FrameworkServlet.service(FrameworkServlet.java:843)
	at javax.servlet.http.HttpServlet.service(HttpServlet.java:790)
	at org.apache.catalina.core.ApplicationFilterChain.internalDoFilter(ApplicationFilterChain.java:292)
	at org.apache.catalina.core.ApplicationFilterChain.doFilter(ApplicationFilterChain.java:207)
	at org.apache.tomcat.websocket.server.WsFilter.doFilter(WsFilter.java:52)
	at org.apache.catalina.core.ApplicationFilterChain.internalDoFilter(ApplicationFilterChain.java:240)
	at org.apache.catalina.core.ApplicationFilterChain.doFilter(ApplicationFilterChain.java:207)
	at org.springframework.security.web.FilterChainProxy$VirtualFilterChain.doFilter(FilterChainProxy.java:316)
	at org.springframework.security.web.access.intercept.FilterSecurityInterceptor.invoke(FilterSecurityInterceptor.java:126)
	at org.springframework.security.web.access.intercept.FilterSecurityInterceptor.doFilter(FilterSecurityInterceptor.java:90)
	at org.springframework.security.web.FilterChainProxy$VirtualFilterChain.doFilter(FilterChainProxy.java:330)
	at org.springframework.security.web.access.ExceptionTranslationFilter.doFilter(ExceptionTranslationFilter.java:114)
	at org.springframework.security.web.FilterChainProxy$VirtualFilterChain.doFilter(FilterChainProxy.java:330)
	at org.springframework.security.web.session.SessionManagementFilter.doFilter(SessionManagementFilter.java:122)
	at org.springframework.security.web.FilterChainProxy$VirtualFilterChain.doFilter(FilterChainProxy.java:330)
	at org.springframework.security.web.authentication.AnonymousAuthenticationFilter.doFilter(AnonymousAuthenticationFilter.java:111)
	at org.springframework.security.web.FilterChainProxy$VirtualFilterChain.doFilter(FilterChainProxy.java:330)
	at org.springframework.security.web.servletapi.SecurityContextHolderAwareRequestFilter.doFilter(SecurityContextHolderAwareRequestFilter.java:169)
	at org.springframework.security.web.FilterChainProxy$VirtualFilterChain.doFilter(FilterChainProxy.java:330)
	at org.springframework.security.web.savedrequest.RequestCacheAwareFilter.doFilter(RequestCacheAwareFilter.java:48)
	at org.springframework.security.web.FilterChainProxy$VirtualFilterChain.doFilter(FilterChainProxy.java:330)
	at org.springframework.security.web.authentication.AbstractAuthenticationProcessingFilter.doFilter(AbstractAuthenticationProcessingFilter.java:205)
	at org.springframework.security.web.FilterChainProxy$VirtualFilterChain.doFilter(FilterChainProxy.java:330)
	at org.springframework.security.web.authentication.logout.LogoutFilter.doFilter(LogoutFilter.java:120)
	at org.springframework.security.web.FilterChainProxy$VirtualFilterChain.doFilter(FilterChainProxy.java:330)
	at org.springframework.security.web.header.HeaderWriterFilter.doFilterInternal(HeaderWriterFilter.java:64)
	at org.springframework.web.filter.OncePerRequestFilter.doFilter(OncePerRequestFilter.java:107)
	at org.springframework.security.web.FilterChainProxy$VirtualFilterChain.doFilter(FilterChainProxy.java:330)
	at org.springframework.security.web.context.SecurityContextPersistenceFilter.doFilter(SecurityContextPersistenceFilter.java:91)
	at org.springframework.security.web.FilterChainProxy$VirtualFilterChain.doFilter(FilterChainProxy.java:330)
	at org.springframework.security.web.context.request.async.WebAsyncManagerIntegrationFilter.doFilterInternal(WebAsyncManagerIntegrationFilter.java:53)
	at org.springframework.web.filter.OncePerRequestFilter.doFilter(OncePerRequestFilter.java:107)
	at org.springframework.security.web.FilterChainProxy$VirtualFilterChain.doFilter(FilterChainProxy.java:330)
	at org.springframework.security.web.FilterChainProxy.doFilterInternal(FilterChainProxy.java:213)
	at org.springframework.security.web.FilterChainProxy.doFilter(FilterChainProxy.java:176)
	at org.springframework.web.filter.DelegatingFilterProxy.invokeDelegate(DelegatingFilterProxy.java:346)
	at org.springframework.web.filter.DelegatingFilterProxy.doFilter(DelegatingFilterProxy.java:262)
	at org.apache.catalina.core.ApplicationFilterChain.internalDoFilter(ApplicationFilterChain.java:240)
	at org.apache.catalina.core.ApplicationFilterChain.doFilter(ApplicationFilterChain.java:207)
	at org.springframework.web.filter.RequestContextFilter.doFilterInternal(RequestContextFilter.java:99)
	at org.springframework.web.filter.OncePerRequestFilter.doFilter(OncePerRequestFilter.java:107)
	at org.apache.catalina.core.ApplicationFilterChain.internalDoFilter(ApplicationFilterChain.java:240)
	at org.apache.catalina.core.ApplicationFilterChain.doFilter(ApplicationFilterChain.java:207)
	at org.springframework.web.filter.HttpPutFormContentFilter.doFilterInternal(HttpPutFormContentFilter.java:87)
	at org.springframework.web.filter.OncePerRequestFilter.doFilter(OncePerRequestFilter.java:107)
	at org.apache.catalina.core.ApplicationFilterChain.internalDoFilter(ApplicationFilterChain.java:240)
	at org.apache.catalina.core.ApplicationFilterChain.doFilter(ApplicationFilterChain.java:207)
	at org.springframework.web.filter.HiddenHttpMethodFilter.doFilterInternal(HiddenHttpMethodFilter.java:77)
	at org.springframework.web.filter.OncePerRequestFilter.doFilter(OncePerRequestFilter.java:107)
	at org.apache.catalina.core.ApplicationFilterChain.internalDoFilter(ApplicationFilterChain.java:240)
	at org.apache.catalina.core.ApplicationFilterChain.doFilter(ApplicationFilterChain.java:207)
	at org.springframework.web.filter.CharacterEncodingFilter.doFilterInternal(CharacterEncodingFilter.java:121)
	at org.springframework.web.filter.OncePerRequestFilter.doFilter(OncePerRequestFilter.java:107)
	at org.apache.catalina.core.ApplicationFilterChain.internalDoFilter(ApplicationFilterChain.java:240)
	at org.apache.catalina.core.ApplicationFilterChain.doFilter(ApplicationFilterChain.java:207)
	at org.apache.catalina.core.StandardWrapperValve.invoke(StandardWrapperValve.java:212)
	at org.apache.catalina.core.StandardContextValve.invoke(StandardContextValve.java:106)
	at org.apache.catalina.authenticator.AuthenticatorBase.invoke(AuthenticatorBase.java:502)
	at org.apache.catalina.core.StandardHostValve.invoke(StandardHostValve.java:141)
	at org.apache.catalina.valves.ErrorReportValve.invoke(ErrorReportValve.java:79)
	at org.apache.catalina.core.StandardEngineValve.invoke(StandardEngineValve.java:88)
	at org.apache.catalina.connector.CoyoteAdapter.service(CoyoteAdapter.java:522)
	at org.apache.coyote.http11.AbstractHttp11Processor.process(AbstractHttp11Processor.java:1095)
	at org.apache.coyote.AbstractProtocol$AbstractConnectionHandler.process(AbstractProtocol.java:672)
	at org.apache.tomcat.util.net.NioEndpoint$SocketProcessor.doRun(NioEndpoint.java:1502)
	at org.apache.tomcat.util.net.NioEndpoint$SocketProcessor.run(NioEndpoint.java:1458)
	at java.util.concurrent.ThreadPoolExecutor.runWorker(ThreadPoolExecutor.java:1142)
	at java.util.concurrent.ThreadPoolExecutor$Worker.run(ThreadPoolExecutor.java:617)
	at org.apache.tomcat.util.threads.TaskThread$WrappingRunnable.run(TaskThread.java:61)
	at java.lang.Thread.run(Thread.java:745)
2016-06-20 09:17:20.148 [http-nio-8080-exec-4] WARN  cn.tendata.crm.controllers.LoginController - 罗敏登录了
2016-06-20 09:17:25.331 [http-nio-8080-exec-2] WARN  cn.tendata.crm.controllers.LoginController - 罗敏查看了所有部门的信息
2016-06-20 09:18:00.098 [http-nio-8080-exec-9] WARN  cn.tendata.crm.controllers.LoginController - 罗敏增加了用户李三牛
2016-06-20 09:23:15.879 [http-nio-8080-exec-10] WARN  cn.tendata.crm.controllers.LoginController - 罗敏登录了
2016-06-20 09:24:10.735 [http-nio-8080-exec-5] WARN  cn.tendata.crm.controllers.LoginController - 罗敏登录了
2016-06-20 09:24:36.056 [http-nio-8080-exec-9] WARN  cn.tendata.crm.controllers.LoginController - 罗敏登录了
2016-06-20 09:24:49.786 [http-nio-8080-exec-6] WARN  cn.tendata.crm.controllers.LoginController - 罗敏登录了
2016-06-20 09:25:01.549 [http-nio-8080-exec-4] WARN  cn.tendata.crm.controllers.LoginController - 罗敏登录了
2016-06-20 09:25:21.711 [http-nio-8080-exec-7] WARN  cn.tendata.crm.controllers.LoginController - 罗敏登录了
2016-06-20 09:25:34.409 [http-nio-8080-exec-5] WARN  cn.tendata.crm.controllers.LoginController - 罗敏登录了
2016-06-20 09:25:49.480 [http-nio-8080-exec-3] WARN  cn.tendata.crm.controllers.LoginController - 罗敏登录了
2016-06-20 09:26:59.514 [http-nio-8080-exec-3] WARN  cn.tendata.crm.controllers.LoginController - 罗敏登录了
2016-06-20 09:27:20.720 [http-nio-8080-exec-7] WARN  cn.tendata.crm.controllers.LoginController - 罗敏登录了
2016-06-20 09:27:35.061 [http-nio-8080-exec-4] WARN  cn.tendata.crm.controllers.LoginController - 罗敏登录了
2016-06-20 09:27:41.245 [http-nio-8080-exec-8] WARN  cn.tendata.crm.controllers.LoginController - 罗敏查询了所有订单信息
2016-06-20 09:29:25.068 [http-nio-8080-exec-10] WARN  cn.tendata.crm.controllers.LoginController - 罗敏登录了
2016-06-20 09:30:25.572 [http-nio-8080-exec-4] WARN  cn.tendata.crm.controllers.LoginController - 罗敏登录了
2016-06-20 09:30:27.490 [http-nio-8080-exec-1] WARN  org.hibernate.engine.jdbc.spi.SqlExceptionHelper - SQL Error: 1064, SQLState: 42000
2016-06-20 09:30:27.502 [http-nio-8080-exec-1] ERROR org.hibernate.engine.jdbc.spi.SqlExceptionHelper - You have an error in your SQL syntax; check the manual that corresponds to your MySQL server version for the right syntax to use near 'order by event_id desc' at line 1
2016-06-20 09:30:27.548 [http-nio-8080-exec-1] WARN  org.hibernate.engine.jdbc.spi.SqlExceptionHelper - SQL Warning Code: 1064, SQLState: 42000
2016-06-20 09:30:27.556 [http-nio-8080-exec-1] WARN  org.hibernate.engine.jdbc.spi.SqlExceptionHelper - You have an error in your SQL syntax; check the manual that corresponds to your MySQL server version for the right syntax to use near 'order by event_id desc' at line 1
2016-06-20 09:30:27.594 [http-nio-8080-exec-1] ERROR o.a.c.c.C.[.[localhost].[/].[dispatcherServlet] - Servlet.service() for servlet [dispatcherServlet] in context with path [] threw exception [Request processing failed; nested exception is org.springframework.dao.InvalidDataAccessResourceUsageException: could not extract ResultSet; SQL [n/a]; nested exception is org.hibernate.exception.SQLGrammarException: could not extract ResultSet] with root cause
com.mysql.jdbc.exceptions.jdbc4.MySQLSyntaxErrorException: You have an error in your SQL syntax; check the manual that corresponds to your MySQL server version for the right syntax to use near 'order by event_id desc' at line 1
	at sun.reflect.NativeConstructorAccessorImpl.newInstance0(Native Method)
	at sun.reflect.NativeConstructorAccessorImpl.newInstance(NativeConstructorAccessorImpl.java:62)
	at sun.reflect.DelegatingConstructorAccessorImpl.newInstance(DelegatingConstructorAccessorImpl.java:45)
	at java.lang.reflect.Constructor.newInstance(Constructor.java:422)
	at com.mysql.jdbc.Util.handleNewInstance(Util.java:404)
	at com.mysql.jdbc.Util.getInstance(Util.java:387)
	at com.mysql.jdbc.SQLError.createSQLException(SQLError.java:942)
	at com.mysql.jdbc.MysqlIO.checkErrorPacket(MysqlIO.java:3966)
	at com.mysql.jdbc.MysqlIO.checkErrorPacket(MysqlIO.java:3902)
	at com.mysql.jdbc.MysqlIO.sendCommand(MysqlIO.java:2526)
	at com.mysql.jdbc.MysqlIO.sqlQueryDirect(MysqlIO.java:2673)
	at com.mysql.jdbc.ConnectionImpl.execSQL(ConnectionImpl.java:2549)
	at com.mysql.jdbc.PreparedStatement.executeInternal(PreparedStatement.java:1861)
	at com.mysql.jdbc.PreparedStatement.executeQuery(PreparedStatement.java:1962)
	at org.hibernate.engine.jdbc.internal.ResultSetReturnImpl.extract(ResultSetReturnImpl.java:82)
	at org.hibernate.loader.Loader.getResultSet(Loader.java:2066)
	at org.hibernate.loader.Loader.executeQueryStatement(Loader.java:1863)
	at org.hibernate.loader.Loader.executeQueryStatement(Loader.java:1839)
	at org.hibernate.loader.Loader.doQuery(Loader.java:910)
	at org.hibernate.loader.Loader.doQueryAndInitializeNonLazyCollections(Loader.java:355)
	at org.hibernate.loader.Loader.doList(Loader.java:2554)
	at org.hibernate.loader.Loader.doList(Loader.java:2540)
	at org.hibernate.loader.Loader.listIgnoreQueryCache(Loader.java:2370)
	at org.hibernate.loader.Loader.list(Loader.java:2365)
	at org.hibernate.loader.custom.CustomLoader.list(CustomLoader.java:353)
	at org.hibernate.internal.SessionImpl.listCustomQuery(SessionImpl.java:1909)
	at org.hibernate.internal.AbstractSessionImpl.list(AbstractSessionImpl.java:311)
	at org.hibernate.internal.SQLQueryImpl.list(SQLQueryImpl.java:141)
	at org.hibernate.jpa.internal.QueryImpl.list(QueryImpl.java:573)
	at org.hibernate.jpa.internal.QueryImpl.getResultList(QueryImpl.java:449)
	at org.springframework.data.jpa.repository.query.JpaQueryExecution$CollectionExecution.doExecute(JpaQueryExecution.java:114)
	at org.springframework.data.jpa.repository.query.JpaQueryExecution.execute(JpaQueryExecution.java:78)
	at org.springframework.data.jpa.repository.query.AbstractJpaQuery.doExecute(AbstractJpaQuery.java:100)
	at org.springframework.data.jpa.repository.query.AbstractJpaQuery.execute(AbstractJpaQuery.java:91)
	at org.springframework.data.repository.core.support.RepositoryFactorySupport$QueryExecutorMethodInterceptor.doInvoke(RepositoryFactorySupport.java:462)
	at org.springframework.data.repository.core.support.RepositoryFactorySupport$QueryExecutorMethodInterceptor.invoke(RepositoryFactorySupport.java:440)
	at org.springframework.aop.framework.ReflectiveMethodInvocation.proceed(ReflectiveMethodInvocation.java:179)
	at org.springframework.data.projection.DefaultMethodInvokingMethodInterceptor.invoke(DefaultMethodInvokingMethodInterceptor.java:61)
	at org.springframework.aop.framework.ReflectiveMethodInvocation.proceed(ReflectiveMethodInvocation.java:179)
	at org.springframework.transaction.interceptor.TransactionInterceptor$1.proceedWithInvocation(TransactionInterceptor.java:99)
	at org.springframework.transaction.interceptor.TransactionAspectSupport.invokeWithinTransaction(TransactionAspectSupport.java:281)
	at org.springframework.transaction.interceptor.TransactionInterceptor.invoke(TransactionInterceptor.java:96)
	at org.springframework.aop.framework.ReflectiveMethodInvocation.proceed(ReflectiveMethodInvocation.java:179)
	at org.springframework.dao.support.PersistenceExceptionTranslationInterceptor.invoke(PersistenceExceptionTranslationInterceptor.java:136)
	at org.springframework.aop.framework.ReflectiveMethodInvocation.proceed(ReflectiveMethodInvocation.java:179)
	at org.springframework.data.jpa.repository.support.CrudMethodMetadataPostProcessor$CrudMethodMetadataPopulatingMethodInterceptor.invoke(CrudMethodMetadataPostProcessor.java:131)
	at org.springframework.aop.framework.ReflectiveMethodInvocation.proceed(ReflectiveMethodInvocation.java:179)
	at org.springframework.aop.interceptor.ExposeInvocationInterceptor.invoke(ExposeInvocationInterceptor.java:92)
	at org.springframework.aop.framework.ReflectiveMethodInvocation.proceed(ReflectiveMethodInvocation.java:179)
	at org.springframework.aop.framework.JdkDynamicAopProxy.invoke(JdkDynamicAopProxy.java:208)
	at com.sun.proxy.$Proxy85.getAllLog(Unknown Source)
	at cn.tendata.crm.service.LogServiceImpl.getAllLog(LogServiceImpl.java:24)
	at cn.tendata.crm.controllers.LogController.getAllLog(LogController.java:32)
	at sun.reflect.NativeMethodAccessorImpl.invoke0(Native Method)
	at sun.reflect.NativeMethodAccessorImpl.invoke(NativeMethodAccessorImpl.java:62)
	at sun.reflect.DelegatingMethodAccessorImpl.invoke(DelegatingMethodAccessorImpl.java:43)
	at java.lang.reflect.Method.invoke(Method.java:497)
	at org.springframework.web.method.support.InvocableHandlerMethod.doInvoke(InvocableHandlerMethod.java:221)
	at org.springframework.web.method.support.InvocableHandlerMethod.invokeForRequest(InvocableHandlerMethod.java:136)
	at org.springframework.web.servlet.mvc.method.annotation.ServletInvocableHandlerMethod.invokeAndHandle(ServletInvocableHandlerMethod.java:110)
	at org.springframework.web.servlet.mvc.method.annotation.RequestMappingHandlerAdapter.invokeHandlerMethod(RequestMappingHandlerAdapter.java:832)
	at org.springframework.web.servlet.mvc.method.annotation.RequestMappingHandlerAdapter.handleInternal(RequestMappingHandlerAdapter.java:743)
	at org.springframework.web.servlet.mvc.method.AbstractHandlerMethodAdapter.handle(AbstractHandlerMethodAdapter.java:85)
	at org.springframework.web.servlet.DispatcherServlet.doDispatch(DispatcherServlet.java:961)
	at org.springframework.web.servlet.DispatcherServlet.doService(DispatcherServlet.java:895)
	at org.springframework.web.servlet.FrameworkServlet.processRequest(FrameworkServlet.java:967)
	at org.springframework.web.servlet.FrameworkServlet.doGet(FrameworkServlet.java:858)
	at javax.servlet.http.HttpServlet.service(HttpServlet.java:687)
	at org.springframework.web.servlet.FrameworkServlet.service(FrameworkServlet.java:843)
	at javax.servlet.http.HttpServlet.service(HttpServlet.java:790)
	at org.apache.catalina.core.ApplicationFilterChain.internalDoFilter(ApplicationFilterChain.java:292)
	at org.apache.catalina.core.ApplicationFilterChain.doFilter(ApplicationFilterChain.java:207)
	at org.apache.tomcat.websocket.server.WsFilter.doFilter(WsFilter.java:52)
	at org.apache.catalina.core.ApplicationFilterChain.internalDoFilter(ApplicationFilterChain.java:240)
	at org.apache.catalina.core.ApplicationFilterChain.doFilter(ApplicationFilterChain.java:207)
	at org.springframework.security.web.FilterChainProxy$VirtualFilterChain.doFilter(FilterChainProxy.java:316)
	at org.springframework.security.web.access.intercept.FilterSecurityInterceptor.invoke(FilterSecurityInterceptor.java:126)
	at org.springframework.security.web.access.intercept.FilterSecurityInterceptor.doFilter(FilterSecurityInterceptor.java:90)
	at org.springframework.security.web.FilterChainProxy$VirtualFilterChain.doFilter(FilterChainProxy.java:330)
	at org.springframework.security.web.access.ExceptionTranslationFilter.doFilter(ExceptionTranslationFilter.java:114)
	at org.springframework.security.web.FilterChainProxy$VirtualFilterChain.doFilter(FilterChainProxy.java:330)
	at org.springframework.security.web.session.SessionManagementFilter.doFilter(SessionManagementFilter.java:122)
	at org.springframework.security.web.FilterChainProxy$VirtualFilterChain.doFilter(FilterChainProxy.java:330)
	at org.springframework.security.web.authentication.AnonymousAuthenticationFilter.doFilter(AnonymousAuthenticationFilter.java:111)
	at org.springframework.security.web.FilterChainProxy$VirtualFilterChain.doFilter(FilterChainProxy.java:330)
	at org.springframework.security.web.servletapi.SecurityContextHolderAwareRequestFilter.doFilter(SecurityContextHolderAwareRequestFilter.java:169)
	at org.springframework.security.web.FilterChainProxy$VirtualFilterChain.doFilter(FilterChainProxy.java:330)
	at org.springframework.security.web.savedrequest.RequestCacheAwareFilter.doFilter(RequestCacheAwareFilter.java:48)
	at org.springframework.security.web.FilterChainProxy$VirtualFilterChain.doFilter(FilterChainProxy.java:330)
	at org.springframework.security.web.authentication.AbstractAuthenticationProcessingFilter.doFilter(AbstractAuthenticationProcessingFilter.java:205)
	at org.springframework.security.web.FilterChainProxy$VirtualFilterChain.doFilter(FilterChainProxy.java:330)
	at org.springframework.security.web.authentication.logout.LogoutFilter.doFilter(LogoutFilter.java:120)
	at org.springframework.security.web.FilterChainProxy$VirtualFilterChain.doFilter(FilterChainProxy.java:330)
	at org.springframework.security.web.header.HeaderWriterFilter.doFilterInternal(HeaderWriterFilter.java:64)
	at org.springframework.web.filter.OncePerRequestFilter.doFilter(OncePerRequestFilter.java:107)
	at org.springframework.security.web.FilterChainProxy$VirtualFilterChain.doFilter(FilterChainProxy.java:330)
	at org.springframework.security.web.context.SecurityContextPersistenceFilter.doFilter(SecurityContextPersistenceFilter.java:91)
	at org.springframework.security.web.FilterChainProxy$VirtualFilterChain.doFilter(FilterChainProxy.java:330)
	at org.springframework.security.web.context.request.async.WebAsyncManagerIntegrationFilter.doFilterInternal(WebAsyncManagerIntegrationFilter.java:53)
	at org.springframework.web.filter.OncePerRequestFilter.doFilter(OncePerRequestFilter.java:107)
	at org.springframework.security.web.FilterChainProxy$VirtualFilterChain.doFilter(FilterChainProxy.java:330)
	at org.springframework.security.web.FilterChainProxy.doFilterInternal(FilterChainProxy.java:213)
	at org.springframework.security.web.FilterChainProxy.doFilter(FilterChainProxy.java:176)
	at org.springframework.web.filter.DelegatingFilterProxy.invokeDelegate(DelegatingFilterProxy.java:346)
	at org.springframework.web.filter.DelegatingFilterProxy.doFilter(DelegatingFilterProxy.java:262)
	at org.apache.catalina.core.ApplicationFilterChain.internalDoFilter(ApplicationFilterChain.java:240)
	at org.apache.catalina.core.ApplicationFilterChain.doFilter(ApplicationFilterChain.java:207)
	at org.springframework.web.filter.RequestContextFilter.doFilterInternal(RequestContextFilter.java:99)
	at org.springframework.web.filter.OncePerRequestFilter.doFilter(OncePerRequestFilter.java:107)
	at org.apache.catalina.core.ApplicationFilterChain.internalDoFilter(ApplicationFilterChain.java:240)
	at org.apache.catalina.core.ApplicationFilterChain.doFilter(ApplicationFilterChain.java:207)
	at org.springframework.web.filter.HttpPutFormContentFilter.doFilterInternal(HttpPutFormContentFilter.java:87)
	at org.springframework.web.filter.OncePerRequestFilter.doFilter(OncePerRequestFilter.java:107)
	at org.apache.catalina.core.ApplicationFilterChain.internalDoFilter(ApplicationFilterChain.java:240)
	at org.apache.catalina.core.ApplicationFilterChain.doFilter(ApplicationFilterChain.java:207)
	at org.springframework.web.filter.HiddenHttpMethodFilter.doFilterInternal(HiddenHttpMethodFilter.java:77)
	at org.springframework.web.filter.OncePerRequestFilter.doFilter(OncePerRequestFilter.java:107)
	at org.apache.catalina.core.ApplicationFilterChain.internalDoFilter(ApplicationFilterChain.java:240)
	at org.apache.catalina.core.ApplicationFilterChain.doFilter(ApplicationFilterChain.java:207)
	at org.springframework.web.filter.CharacterEncodingFilter.doFilterInternal(CharacterEncodingFilter.java:121)
	at org.springframework.web.filter.OncePerRequestFilter.doFilter(OncePerRequestFilter.java:107)
	at org.apache.catalina.core.ApplicationFilterChain.internalDoFilter(ApplicationFilterChain.java:240)
	at org.apache.catalina.core.ApplicationFilterChain.doFilter(ApplicationFilterChain.java:207)
	at org.apache.catalina.core.StandardWrapperValve.invoke(StandardWrapperValve.java:212)
	at org.apache.catalina.core.StandardContextValve.invoke(StandardContextValve.java:106)
	at org.apache.catalina.authenticator.AuthenticatorBase.invoke(AuthenticatorBase.java:502)
	at org.apache.catalina.core.StandardHostValve.invoke(StandardHostValve.java:141)
	at org.apache.catalina.valves.ErrorReportValve.invoke(ErrorReportValve.java:79)
	at org.apache.catalina.core.StandardEngineValve.invoke(StandardEngineValve.java:88)
	at org.apache.catalina.connector.CoyoteAdapter.service(CoyoteAdapter.java:522)
	at org.apache.coyote.http11.AbstractHttp11Processor.process(AbstractHttp11Processor.java:1095)
	at org.apache.coyote.AbstractProtocol$AbstractConnectionHandler.process(AbstractProtocol.java:672)
	at org.apache.tomcat.util.net.NioEndpoint$SocketProcessor.doRun(NioEndpoint.java:1502)
	at org.apache.tomcat.util.net.NioEndpoint$SocketProcessor.run(NioEndpoint.java:1458)
	at java.util.concurrent.ThreadPoolExecutor.runWorker(ThreadPoolExecutor.java:1142)
	at java.util.concurrent.ThreadPoolExecutor$Worker.run(ThreadPoolExecutor.java:617)
	at org.apache.tomcat.util.threads.TaskThread$WrappingRunnable.run(TaskThread.java:61)
	at java.lang.Thread.run(Thread.java:745)
2016-06-20 09:36:45.560 [http-nio-8080-exec-4] WARN  cn.tendata.crm.controllers.LoginController - 罗敏登录了
2016-06-20 09:38:05.151 [http-nio-8080-exec-7] WARN  cn.tendata.crm.controllers.LoginController - 罗敏登录了
2016-06-20 09:44:13.507 [http-nio-8080-exec-3] WARN  cn.tendata.crm.controllers.LoginController - 罗敏登录了
2016-06-20 09:45:54.870 [http-nio-8080-exec-8] WARN  cn.tendata.crm.controllers.LoginController - 罗敏登录了
2016-06-20 09:46:03.382 [http-nio-8080-exec-4] WARN  cn.tendata.crm.controllers.LoginController - 罗敏查询了所有订单信息
2016-06-20 09:46:06.677 [http-nio-8080-exec-8] WARN  cn.tendata.crm.controllers.LoginController - 罗敏查询了所有商品信息
2016-06-20 09:46:09.779 [http-nio-8080-exec-9] WARN  cn.tendata.crm.controllers.LoginController - 罗敏查询了所有客户信息
2016-06-20 09:46:13.083 [http-nio-8080-exec-1] WARN  cn.tendata.crm.controllers.LoginController - 罗敏查看了所有部门的信息
2016-06-20 10:09:40.079 [http-nio-8080-exec-6] WARN  cn.tendata.crm.controllers.LoginController - 罗敏登录了
2016-06-20 10:12:55.116 [http-nio-8080-exec-6] WARN  cn.tendata.crm.controllers.LoginController - 罗敏登录了
2016-06-20 10:24:56.948 [http-nio-8080-exec-6] WARN  cn.tendata.crm.controllers.LoginController - 罗敏登录了
2016-06-20 10:29:43.553 [http-nio-8080-exec-6] WARN  cn.tendata.crm.controllers.LoginController - 罗敏登录了
2016-06-20 10:29:56.570 [http-nio-8080-exec-1] WARN  cn.tendata.crm.controllers.LoginController - 罗敏登录了
2016-06-20 10:29:58.270 [http-nio-8080-exec-9] WARN  cn.tendata.crm.controllers.LoginController - 罗敏登录了
2016-06-20 10:29:59.985 [http-nio-8080-exec-3] WARN  cn.tendata.crm.controllers.LoginController - 罗敏登录了
2016-06-20 10:30:01.041 [http-nio-8080-exec-5] WARN  cn.tendata.crm.controllers.LoginController - 罗敏登录了
2016-06-20 10:30:10.739 [http-nio-8080-exec-10] WARN  cn.tendata.crm.controllers.LoginController - 罗敏登录了
2016-06-20 10:46:21.086 [http-nio-8080-exec-4] WARN  cn.tendata.crm.controllers.LoginController - 罗敏登录了
2016-06-20 10:46:24.203 [http-nio-8080-exec-1] WARN  cn.tendata.crm.controllers.LoginController - 罗敏查看了所有部门的信息
2016-06-20 10:46:30.263 [http-nio-8080-exec-6] WARN  cn.tendata.crm.controllers.LoginController - 罗敏查询了所有客户信息
2016-06-20 10:47:47.729 [http-nio-8080-exec-5] WARN  cn.tendata.crm.controllers.LoginController - 罗敏登录了
2016-06-20 10:47:51.035 [http-nio-8080-exec-7] WARN  cn.tendata.crm.controllers.LoginController - 罗敏查看了所有部门的信息
2016-06-20 10:48:10.432 [http-nio-8080-exec-1] WARN  cn.tendata.crm.controllers.LoginController - 罗敏查询了所有客户信息
2016-06-20 10:48:21.381 [http-nio-8080-exec-9] WARN  cn.tendata.crm.controllers.LoginController - 罗敏查询了所有商品信息
2016-06-20 10:48:41.929 [http-nio-8080-exec-7] WARN  cn.tendata.crm.controllers.LoginController - 罗敏查询了所有订单信息
2016-06-20 10:49:28.929 [http-nio-8080-exec-2] WARN  cn.tendata.crm.controllers.LoginController - 罗敏查看了所有部门的信息
2016-06-20 10:49:39.708 [http-nio-8080-exec-1] WARN  cn.tendata.crm.controllers.LoginController - 罗敏查询了所有客户信息
