2016-06-21 14:54:25.494 [http-nio-8080-exec-5] WARN  cn.tendata.crm.controllers.LoginController - 罗敏登录了
2016-06-21 14:54:27.757 [http-nio-8080-exec-1] WARN  cn.tendata.crm.controllers.LoginController - 罗敏查看了所有部门的信息
2016-06-21 14:54:32.768 [http-nio-8080-exec-3] WARN  cn.tendata.crm.controllers.LoginController - 罗敏查询了所有客户信息
2016-06-21 14:54:33.980 [http-nio-8080-exec-4] WARN  cn.tendata.crm.controllers.LoginController - 罗敏查询了所有商品信息
2016-06-21 14:54:34.707 [http-nio-8080-exec-5] WARN  cn.tendata.crm.controllers.LoginController - 罗敏查询了所有订单信息
2016-06-21 14:55:23.448 [http-nio-8080-exec-10] WARN  cn.tendata.crm.controllers.LoginController - 罗敏查看了所有部门的信息
2016-06-21 14:56:51.480 [http-nio-8080-exec-7] WARN  cn.tendata.crm.controllers.LoginController - 罗敏登录了
2016-06-21 14:57:13.099 [http-nio-8080-exec-9] WARN  cn.tendata.crm.controllers.LoginController - 罗敏登录了
2016-06-21 14:57:15.344 [http-nio-8080-exec-1] WARN  cn.tendata.crm.controllers.LoginController - 罗敏查看了所有部门的信息
2016-06-21 14:57:27.402 [http-nio-8080-exec-8] WARN  cn.tendata.crm.controllers.LoginController - 罗敏登录了
2016-06-21 14:57:29.143 [http-nio-8080-exec-5] WARN  cn.tendata.crm.controllers.LoginController - 罗敏查看了所有部门的信息
2016-06-21 14:57:46.000 [http-nio-8080-exec-2] WARN  cn.tendata.crm.controllers.LoginController - 罗敏登录了
2016-06-21 14:57:56.186 [http-nio-8080-exec-10] WARN  cn.tendata.crm.controllers.LoginController - 罗敏登录了
2016-06-21 14:58:05.587 [http-nio-8080-exec-8] WARN  cn.tendata.crm.controllers.LoginController - 罗敏登录了
2016-06-21 14:58:15.771 [http-nio-8080-exec-1] WARN  cn.tendata.crm.controllers.LoginController - 罗敏登录了
2016-06-21 14:58:17.272 [http-nio-8080-exec-9] WARN  cn.tendata.crm.controllers.LoginController - 罗敏查看了所有部门的信息
2016-06-21 14:58:57.901 [http-nio-8080-exec-6] WARN  cn.tendata.crm.controllers.LoginController - 罗敏登录了
2016-06-21 14:59:01.551 [http-nio-8080-exec-5] WARN  cn.tendata.crm.controllers.LoginController - 罗敏查看了所有部门的信息
2016-06-21 14:59:02.640 [http-nio-8080-exec-2] WARN  cn.tendata.crm.controllers.LoginController - 罗敏查询了所有客户信息
2016-06-21 14:59:03.600 [http-nio-8080-exec-6] WARN  cn.tendata.crm.controllers.LoginController - 罗敏查询了所有商品信息
2016-06-21 14:59:05.271 [http-nio-8080-exec-10] WARN  cn.tendata.crm.controllers.LoginController - 罗敏查询了所有订单信息
2016-06-21 14:59:16.763 [http-nio-8080-exec-8] WARN  cn.tendata.crm.controllers.LoginController - 罗敏登录了
2016-06-21 14:59:36.487 [http-nio-8080-exec-2] WARN  cn.tendata.crm.controllers.LoginController - 罗敏登录了
2016-06-21 14:59:56.476 [http-nio-8080-exec-5] WARN  cn.tendata.crm.controllers.LoginController - 罗敏登录了
2016-06-21 15:00:09.234 [http-nio-8080-exec-10] WARN  cn.tendata.crm.controllers.LoginController - 罗敏登录了
2016-06-21 15:00:13.863 [http-nio-8080-exec-3] WARN  cn.tendata.crm.controllers.LoginController - 罗敏查看了所有部门的信息
2016-06-21 15:01:15.888 [http-nio-8080-exec-9] WARN  cn.tendata.crm.controllers.LoginController - 罗敏查询了所有客户信息
2016-06-21 15:01:19.905 [http-nio-8080-exec-6] WARN  cn.tendata.crm.controllers.LoginController - 罗敏查询了所有商品信息
